Base path: 'D:/Unity/2019.3.2f1/Editor/Data', plugins path 'D:/Unity/2019.3.2f1/Editor/Data/PlaybackEngines'
Cmd: initializeCompiler
Cmd: compileComputeKernel
  api=14 insize=18731 outsize=11294 ok=1
Cmd: translateComputeKernel
  api=14 insize=9678 outsize=16573 ok=1
Cmd: compileComputeKernel
  api=14 insize=1505 outsize=1199 ok=1
Cmd: compileComputeKernel
  api=14 insize=5032 outsize=7304 ok=1
Cmd: compileComputeKernel
  api=14 insize=1864 outsize=1997 ok=1
Cmd: translateComputeKernel
  api=14 insize=1997 outsize=3520 ok=1
Cmd: compileComputeKernel
  api=14 insize=3423 outsize=4399 ok=1
Cmd: translateComputeKernel
  api=14 insize=4399 outsize=6746 ok=1
Cmd: compileComputeKernel
  api=14 insize=4919 outsize=4158 ok=1
Cmd: translateComputeKernel
  api=14 insize=4242 outsize=5291 ok=1
Cmd: compileComputeKernel
  api=14 insize=5591 outsize=6993 ok=1
Cmd: translateComputeKernel
  api=14 insize=6993 outsize=13506 ok=1
Cmd: compileSnippet
  api=4 type=0 insize=190640 outsize=2066 kw=UNITY_PASS_FORWARDADD SPOT _NORMALMAP pd=UNITY_ENABLE_REFLECTION_BUFFERS UNITY_USE_DITHER_MASK_FOR_ALPHABLENDED_SHADOWS UNITY_PBS_USE_BRDF1 UNITY_SPECCUBE_BOX_PROJECTION UNITY_SPECCUBE_BLENDING UNITY_ENABLE_DETAIL_NORMALMAP SHADER_API_DESKTOP UNITY_COLORSPACE_GAMMA UNITY_LIGHT_PROBE_PROXY_VOLUME UNITY_LIGHTMAP_RGBM_ENCODING ok=1
Cmd: compileSnippet
  api=4 type=1 insize=1602 outsize=7294 kw=UNITY_PASS_FORWARDBASE DIRECTIONAL SHADOWS_SCREEN LIGHTPROBE_SH _EMISSION pd=UNITY_ENABLE_REFLECTION_BUFFERS UNITY_USE_DITHER_MASK_FOR_ALPHABLENDED_SHADOWS UNITY_PBS_USE_BRDF1 UNITY_SPECCUBE_BOX_PROJECTION UNITY_SPECCUBE_BLENDING UNITY_ENABLE_DETAIL_NORMALMAP SHADER_API_DESKTOP UNITY_COLORSPACE_GAMMA UNITY_LIGHT_PROBE_PROXY_VOLUME UNITY_LIGHTMAP_RGBM_ENCODING ok=1
Cmd: compileSnippet
  api=4 type=1 insize=1602 outsize=8430 kw=UNITY_PASS_FORWARDBASE DIRECTIONAL SHADOWS_SCREEN LIGHTPROBE_SH _EMISSION _NORMALMAP _DETAIL_MULX2 pd=UNITY_ENABLE_REFLECTION_BUFFERS UNITY_USE_DITHER_MASK_FOR_ALPHABLENDED_SHADOWS UNITY_PBS_USE_BRDF1 UNITY_SPECCUBE_BOX_PROJECTION UNITY_SPECCUBE_BLENDING UNITY_ENABLE_DETAIL_NORMALMAP SHADER_API_DESKTOP UNITY_COLORSPACE_GAMMA UNITY_LIGHT_PROBE_PROXY_VOLUME UNITY_LIGHTMAP_RGBM_ENCODING ok=1
